[23:12:18 10-07-2022] /post tttt
[23:12:18 10-07-2022] TRUE
[23:12:18 10-07-2022] <a href="https://b594-103-28-159-217.in.ngrok.io/index.php/discord/bot/action?m=Wm9yaW9uVGhlVGVudGg6ICB0dHR0">Temporary Redirect</a>.


[23:13:05 10-07-2022] /post trtr5
[23:13:05 10-07-2022] TRUE
[23:13:05 10-07-2022] <a href="https://7903-103-28-159-217.in.ngrok.io/index.php/discord/bot/action?m=Wm9yaW9uVGhlVGVudGg6ICB0cnRyNQ%3D%3D">Temporary Redirect</a>.


[23:14:41 10-07-2022] /post ttt
[23:14:41 10-07-2022] TRUE
[23:19:41 10-07-2022] <!DOCTYPE html>
<html lang="en-US">
  <head>
    <meta charset="utf-8">
    <meta name="author" content="ngrok">
    <meta name="description" content="ngrok is the fastest way to put anything on the internet with a single command.">
    <meta name="robots" content="noindex, nofollow">
    <meta name="viewport" content="width=device-width, initial-scale=1">
    <link id="style" rel="stylesheet" href="https://cdn.ngrok.com/static/css/error.css">
    <noscript>ngrok gateway error
The server returned an invalid or incomplete HTTP response. (ERR_NGROK_3004)</noscript>
    <script id="script" src="https://cdn.ngrok.com/static/js/error.js" type="text/javascript"></script>
  </head>
  <body id="ngrok">
    <div id="root" data-payload="eyJjZG5CYXNlIjoiaHR0cHM6Ly9jZG4ubmdyb2suY29tLyIsImNvZGUiOiIzMDA0IiwibWVzc2FnZSI6Im5ncm9rIGdhdGV3YXkgZXJyb3JcblRoZSBzZXJ2ZXIgcmV0dXJuZWQgYW4gaW52YWxpZCBvciBpbmNvbXBsZXRlIEhUVFAgcmVzcG9uc2UuIiwidGl0bGUiOiJTZXJ2aWNlIFVuYXZhaWxhYmxlIn0="></div>
  </body>
</html>

[23:19:42 10-07-2022] /post ttt
[23:19:42 10-07-2022] TRUE
[23:22:44 10-07-2022] <!DOCTYPE html>
<html lang="en-US">
  <head>
    <meta charset="utf-8">
    <meta name="author" content="ngrok">
    <meta name="description" content="ngrok is the fastest way to put anything on the internet with a single command.">
    <meta name="robots" content="noindex, nofollow">
    <meta name="viewport" content="width=device-width, initial-scale=1">
    <link id="style" rel="stylesheet" href="https://cdn.ngrok.com/static/css/error.css">
    <noscript>ngrok gateway error
The server returned an invalid or incomplete HTTP response. (ERR_NGROK_3004)</noscript>
    <script id="script" src="https://cdn.ngrok.com/static/js/error.js" type="text/javascript"></script>
  </head>
  <body id="ngrok">
    <div id="root" data-payload="eyJjZG5CYXNlIjoiaHR0cHM6Ly9jZG4ubmdyb2suY29tLyIsImNvZGUiOiIzMDA0IiwibWVzc2FnZSI6Im5ncm9rIGdhdGV3YXkgZXJyb3JcblRoZSBzZXJ2ZXIgcmV0dXJuZWQgYW4gaW52YWxpZCBvciBpbmNvbXBsZXRlIEhUVFAgcmVzcG9uc2UuIiwidGl0bGUiOiJTZXJ2aWNlIFVuYXZhaWxhYmxlIn0="></div>
  </body>
</html>

[23:22:44 10-07-2022] /post ttt
[23:22:44 10-07-2022] TRUE
[23:22:44 10-07-2022] <!DOCTYPE html>
<html lang="en-US">
  <head>
    <meta charset="utf-8">
    <meta name="author" content="ngrok">
    <meta name="description" content="ngrok is the fastest way to put anything on the internet with a single command.">
    <meta name="robots" content="noindex, nofollow">
    <meta name="viewport" content="width=device-width, initial-scale=1">
    <link id="style" rel="stylesheet" href="https://cdn.ngrok.com/static/css/error.css">
    <noscript>Tunnel 7903-103-28-159-217.in.ngrok.io not found (ERR_NGROK_3200)</noscript>
    <script id="script" src="https://cdn.ngrok.com/static/js/error.js" type="text/javascript"></script>
  </head>
  <body id="ngrok">
    <div id="root" data-payload="eyJjZG5CYXNlIjoiaHR0cHM6Ly9jZG4ubmdyb2suY29tLyIsImNvZGUiOiIzMjAwIiwibWVzc2FnZSI6IlR1bm5lbCA3OTAzLTEwMy0yOC0xNTktMjE3LmluLm5ncm9rLmlvIG5vdCBmb3VuZCIsInRpdGxlIjoiTm90IEZvdW5kIn0="></div>
  </body>
</html>

[23:22:44 10-07-2022] /post ttt
[23:22:44 10-07-2022] TRUE
[23:22:44 10-07-2022] <!DOCTYPE html>
<html lang="en-US">
  <head>
    <meta charset="utf-8">
    <meta name="author" content="ngrok">
    <meta name="description" content="ngrok is the fastest way to put anything on the internet with a single command.">
    <meta name="robots" content="noindex, nofollow">
    <meta name="viewport" content="width=device-width, initial-scale=1">
    <link id="style" rel="stylesheet" href="https://cdn.ngrok.com/static/css/error.css">
    <noscript>Tunnel 7903-103-28-159-217.in.ngrok.io not found (ERR_NGROK_3200)</noscript>
    <script id="script" src="https://cdn.ngrok.com/static/js/error.js" type="text/javascript"></script>
  </head>
  <body id="ngrok">
    <div id="root" data-payload="eyJjZG5CYXNlIjoiaHR0cHM6Ly9jZG4ubmdyb2suY29tLyIsImNvZGUiOiIzMjAwIiwibWVzc2FnZSI6IlR1bm5lbCA3OTAzLTEwMy0yOC0xNTktMjE3LmluLm5ncm9rLmlvIG5vdCBmb3VuZCIsInRpdGxlIjoiTm90IEZvdW5kIn0="></div>
  </body>
</html>

[23:22:44 10-07-2022] /post ttt
[23:22:44 10-07-2022] TRUE
[23:22:44 10-07-2022] <!DOCTYPE html>
<html lang="en-US">
  <head>
    <meta charset="utf-8">
    <meta name="author" content="ngrok">
    <meta name="description" content="ngrok is the fastest way to put anything on the internet with a single command.">
    <meta name="robots" content="noindex, nofollow">
    <meta name="viewport" content="width=device-width, initial-scale=1">
    <link id="style" rel="stylesheet" href="https://cdn.ngrok.com/static/css/error.css">
    <noscript>Tunnel 7903-103-28-159-217.in.ngrok.io not found (ERR_NGROK_3200)</noscript>
    <script id="script" src="https://cdn.ngrok.com/static/js/error.js" type="text/javascript"></script>
  </head>
  <body id="ngrok">
    <div id="root" data-payload="eyJjZG5CYXNlIjoiaHR0cHM6Ly9jZG4ubmdyb2suY29tLyIsImNvZGUiOiIzMjAwIiwibWVzc2FnZSI6IlR1bm5lbCA3OTAzLTEwMy0yOC0xNTktMjE3LmluLm5ncm9rLmlvIG5vdCBmb3VuZCIsInRpdGxlIjoiTm90IEZvdW5kIn0="></div>
  </body>
</html>

[23:22:45 10-07-2022] /post ttt
[23:22:45 10-07-2022] TRUE
[23:22:45 10-07-2022] <!DOCTYPE html>
<html lang="en-US">
  <head>
    <meta charset="utf-8">
    <meta name="author" content="ngrok">
    <meta name="description" content="ngrok is the fastest way to put anything on the internet with a single command.">
    <meta name="robots" content="noindex, nofollow">
    <meta name="viewport" content="width=device-width, initial-scale=1">
    <link id="style" rel="stylesheet" href="https://cdn.ngrok.com/static/css/error.css">
    <noscript>Tunnel 7903-103-28-159-217.in.ngrok.io not found (ERR_NGROK_3200)</noscript>
    <script id="script" src="https://cdn.ngrok.com/static/js/error.js" type="text/javascript"></script>
  </head>
  <body id="ngrok">
    <div id="root" data-payload="eyJjZG5CYXNlIjoiaHR0cHM6Ly9jZG4ubmdyb2suY29tLyIsImNvZGUiOiIzMjAwIiwibWVzc2FnZSI6IlR1bm5lbCA3OTAzLTEwMy0yOC0xNTktMjE3LmluLm5ncm9rLmlvIG5vdCBmb3VuZCIsInRpdGxlIjoiTm90IEZvdW5kIn0="></div>
  </body>
</html>

[23:22:45 10-07-2022] /post ttt
[23:22:45 10-07-2022] TRUE
[23:22:45 10-07-2022] <!DOCTYPE html>
<html lang="en-US">
  <head>
    <meta charset="utf-8">
    <meta name="author" content="ngrok">
    <meta name="description" content="ngrok is the fastest way to put anything on the internet with a single command.">
    <meta name="robots" content="noindex, nofollow">
    <meta name="viewport" content="width=device-width, initial-scale=1">
    <link id="style" rel="stylesheet" href="https://cdn.ngrok.com/static/css/error.css">
    <noscript>Tunnel 7903-103-28-159-217.in.ngrok.io not found (ERR_NGROK_3200)</noscript>
    <script id="script" src="https://cdn.ngrok.com/static/js/error.js" type="text/javascript"></script>
  </head>
  <body id="ngrok">
    <div id="root" data-payload="eyJjZG5CYXNlIjoiaHR0cHM6Ly9jZG4ubmdyb2suY29tLyIsImNvZGUiOiIzMjAwIiwibWVzc2FnZSI6IlR1bm5lbCA3OTAzLTEwMy0yOC0xNTktMjE3LmluLm5ncm9rLmlvIG5vdCBmb3VuZCIsInRpdGxlIjoiTm90IEZvdW5kIn0="></div>
  </body>
</html>

